read_input_yn [0] answer 0 (1072)
read_input_yn [0] answer 0 (1065)
read_input_yn [0] answer 0 (1069)
read_input_yn [0] answer 0 (1069)
make_dir /home/jflesher/Downloads/arch-git/archwiz/locale/en/LC_MESSAGES/ from 270 at 13-43-12 @ 11:43:46 PM (1188)
read_input_yn [0] answer 0 (1069)
make_dir /home/jflesher/Downloads/arch-git/archwiz/locale/en/LC_MESSAGES/ from 270 at 13-44-12 @ 11:44:03 PM (1188)
read_input_yn [0] answer 0 (1069)
read_input_yn [0] answer 0 (1069)
read_input_yn [0] answer 0 (1069)
make_dir /home/jflesher/Downloads/arch-git/archwiz/locale/en/LC_MESSAGES/ from 270 at 13-45-12 @ 11:45:21 PM (1188)
read_input_yn [0] answer 0 (1069)
make_dir /home/jflesher/Downloads/arch-git/archwiz/locale/en/LC_MESSAGES/ from 270 at 13-45-12 @ 11:45:33 PM (1188)
read_input_yn [0] answer 0 (1069)
read_input_yn [0] answer 0 (1069)
make_dir /home/jflesher/Downloads/arch-git/archwiz/locale-go/en/LC_MESSAGES/ from 270 at 13-49-12 @ 11:49:47 PM (1188)
make_dir /home/jflesher/Downloads/arch-git/archwiz/locale-go/en/LC_MESSAGES/ from 270 at 13-57-12 @ 11:57:34 PM (1188)
make_dir /home/jflesher/Downloads/arch-git/archwiz/locale-go/en/LC_MESSAGES/ from 270 at 13-58-12 @ 11:58:25 PM (1188)
read_input_yn [1] answer 1 (1069)
read_input_yn [1] answer 1 (1069)
read_input_yn [1] answer 1 (1069)
read_input_yn [1] answer 0 (1065)
read_input_yn [1] answer 0 (1065)
read_input_yn [1] answer 1 (1182)
read_input_yn [0] answer 0 (1182)
read_input_yn [0] answer 0 (1182)
read_input_yn [0] answer 0 (1174)
read_input_yn [0] answer 0 (1174)
read_input_yn [0] answer 0 (1174)
read_input_yn [0] answer 0 (1174)
read_input_yn [0] answer 0 (wizard.sh 1176)
read_input_yn [0] answer 0 (wizard.sh 1176)
read_input_yn [0] answer 0 (wizard.sh 1176)
read_input_yn [0] answer 1 (wizard.sh 1176)
read_input_yn [0] answer 0 (wizard.sh 1176)
read_input_yn [0] answer 1 (wizard.sh 1185)
read_input_yn [0] answer 0 (wizard.sh : 1213)
read_input_yn [0] answer 0 (wizard.sh : 1221)
read_input_yn [0] answer 0 (wizard.sh : 1215)
read_input_yn [0] answer 0 (wizard.sh : 1215)
read_input_yn [0] answer 0 (wizard.sh : 1248)
read_input_yn [0] answer 0 (wizard.sh : 1248)
